<?xml version="1.0" encoding="UTF-8" ?>
<testsuite tests="2" failures="0" name="com.cipher.ciphertechniques.VignereCipherIT" time="0.042" errors="0" skipped="0">
  <properties>
[...]
</properties>
  <testcase classname="com.cipher.ciphertechniques.VignereCipherIT" name="com.cipher.ciphertechniques.VignereCipherIT.testDecrypt" time="0.041"/>
  <testcase classname="com.cipher.ciphertechniques.VignereCipherIT" name="com.cipher.ciphertechniques.VignereCipherIT.testEncrypt" time="0.001"/>
</testsuite>